<?xml version="1.0" encoding="UTF-8"?>
<testsuite hostname="" id="0" errors="0" failures="0" name="Jest" package=".Users.fabio.projects.liferay.com-liferay-commerce.commerce-order-content-web" skipped="0" tests="0" time="0" timestamp="1559319916752">
</testsuite>