<?xml version="1.0" encoding="UTF-8"?>
<testsuite hostname="" id="0" errors="0" failures="0" name="Jest" package=".Users.fabio.projects.liferay.com-liferay-commerce.commerce-order-content-web" skipped="0" tests="8" time="0" timestamp="1559308565397">
  <testcase classname=".Users.fabio.projects.liferay.com-liferay-commerce.commerce-order-content-web.test.js.components" name="renders without crashing" time="0.004">
  </testcase>
  <testcase classname=".Users.fabio.projects.liferay.com-liferay-commerce.commerce-order-content-web.test.js.components" name="Menu items handling should be closed if no &quot;current&quot; prop passed" time="0.036">
  </testcase>
  <testcase classname=".Users.fabio.projects.liferay.com-liferay-commerce.commerce-order-content-web.test.js.components" name="renders without crashing" time="0.009">
  </testcase>
  <testcase classname=".Users.fabio.projects.liferay.com-liferay-commerce.commerce-order-content-web.test.js.components" name="Url handling should be closed if no &quot;current&quot; prop passed" time="0.007">
  </testcase>
  <testcase classname=".Users.fabio.projects.liferay.com-liferay-commerce.commerce-order-content-web.test.js.components" name="Url handling should be opened if &quot;current&quot; prop is passed" time="0.001">
  </testcase>
  <testcase classname=".Users.fabio.projects.liferay.com-liferay-commerce.commerce-order-content-web.test.js.components" name="Url handling should be opened if &quot;openCustomPage&quot; method is called from the outside" time="0.002">
  </testcase>
  <testcase classname=".Users.fabio.projects.liferay.com-liferay-commerce.commerce-order-content-web.test.js.components" name="Menu handling should not contain a menu if no menu elements are passed as props" time="0.045">
  </testcase>
  <testcase classname=".Users.fabio.projects.liferay.com-liferay-commerce.commerce-order-content-web.test.js.components" name="Menu handling should contain a menu if menu elements are correctly passed as props" time="0.007">
  </testcase>
</testsuite>